<?xml version="1.0" encoding="UTF-8"?>
<testng-results skipped="0" failed="0" total="1" passed="1">
  <reporter-output>
  </reporter-output>
  <suite name="Default suite" duration-ms="5798" started-at="2017-09-12T18:43:15Z" finished-at="2017-09-12T18:43:21Z">
    <groups>
    </groups>
    <test name="Default test" duration-ms="5798" started-at="2017-09-12T18:43:15Z" finished-at="2017-09-12T18:43:21Z">
      <class name="com.my.mecury.selenium.MercuryLoginTest">
        <test-method status="PASS" signature="setup()" name="setup" is-config="true" duration-ms="1243" started-at="2017-09-12T18:43:15Z" finished-at="2017-09-12T18:43:17Z">
        </test-method>
        <test-method status="PASS" signature="testLogin()" name="testLogin" duration-ms="4534" started-at="2017-09-12T18:43:17Z" finished-at="2017-09-12T18:43:21Z">
        </test-method>
        <test-method status="PASS" signature="cleanUp()" name="cleanUp" is-config="true" duration-ms="5" started-at="2017-09-12T18:43:21Z" finished-at="2017-09-12T18:43:21Z">
        </test-method>
      </class>
    </test>
  </suite>
</testng-results>
